# JRE version: OpenJDK Runtime Environment (21.0.7+6) (build 21.0.7+6-Ubuntu-0ubuntu124.10)
# Java VM: OpenJDK 64-Bit Server VM (21.0.7+6-Ubuntu-0ubuntu124.10, mixed mode, sharing, tiered, compressed oops, compressed class ptrs, g1 gc, linux-amd64)
GC Precious Log:
 CardTable entry size: 512
 Card Set container configuration: InlinePtr #cards 5 size 8 Array Of Cards #cards 12 size 40 Howl #buckets 4 coarsen threshold 1843 Howl Bitmap #cards 512 size 80 coarsen threshold 460 Card regions per heap region 1 cards per card region 2048
 CPUs: 4 total, 4 available
 Memory: 3312M
 Large Page Support: Disabled
 NUMA Support: Disabled
 Compressed Oops: Enabled (32-bit)
 Heap Region Size: 1M
 Heap Min Capacity: 8M
 Heap Initial Capacity: 52M
 Heap Max Capacity: 830M
 Pre-touch: Disabled
 Parallel Workers: 4
 Concurrent Workers: 1
 Concurrent Refinement Workers: 4
 Periodic GC: Disabled
Heap:
 garbage-first heap   total 55296K, used 21128K [0x00000000cc200000, 0x0000000100000000)
  region size 1024K, 18 young (18432K), 4 survivors (4096K)
 Metaspace       used 15580K, committed 15808K, reserved 1114112K
  class space    used 1825K, committed 1920K, reserved 1048576K
GC Heap History (6 events):
Event: 0,512 GC heap before
{Heap before GC invocations=0 (full 0):
 garbage-first heap   total 55296K, used 14385K [0x00000000cc200000, 0x0000000100000000)
  region size 1024K, 13 young (13312K), 0 survivors (0K)
 Metaspace       used 4351K, committed 4544K, reserved 1114112K
  class space    used 466K, committed 576K, reserved 1048576K
}
Event: 0,518 GC heap after
{Heap after GC invocations=1 (full 0):
 garbage-first heap   total 55296K, used 3798K [0x00000000cc200000, 0x0000000100000000)
  region size 1024K, 2 young (2048K), 2 survivors (2048K)
 Metaspace       used 4351K, committed 4544K, reserved 1114112K
  class space    used 466K, committed 576K, reserved 1048576K
}
Event: 1,225 GC heap before
{Heap before GC invocations=1 (full 0):
 garbage-first heap   total 55296K, used 29398K [0x00000000cc200000, 0x0000000100000000)
  region size 1024K, 27 young (27648K), 2 survivors (2048K)
 Metaspace       used 7744K, committed 7936K, reserved 1114112K
  class space    used 888K, committed 960K, reserved 1048576K
}
Event: 1,233 GC heap after
{Heap after GC invocations=2 (full 0):
 garbage-first heap   total 55296K, used 4822K [0x00000000cc200000, 0x0000000100000000)
  region size 1024K, 3 young (3072K), 3 survivors (3072K)
 Metaspace       used 7744K, committed 7936K, reserved 1114112K
  class space    used 888K, committed 960K, reserved 1048576K
}
Event: 2,117 GC heap before
{Heap before GC invocations=2 (full 0):
 garbage-first heap   total 55296K, used 33494K [0x00000000cc200000, 0x0000000100000000)
  region size 1024K, 31 young (31744K), 3 survivors (3072K)
 Metaspace       used 13427K, committed 13696K, reserved 1114112K
  class space    used 1595K, committed 1728K, reserved 1048576K
}
Event: 2,128 GC heap after
{Heap after GC invocations=3 (full 0):
 garbage-first heap   total 55296K, used 7816K [0x00000000cc200000, 0x0000000100000000)
  region size 1024K, 4 young (4096K), 4 survivors (4096K)
 Metaspace       used 13427K, committed 13696K, reserved 1114112K
  class space    used 1595K, committed 1728K, reserved 1048576K
}

